2016-10-03 01:35:29.858  INFO 7116 --- [main] com.retail.app.RetailApplication         : Starting RetailApplication on SweetHome with PID 7116 (C:\Users\Libin\Documents\workspace-sts-3.8.1.RELEASE\MyRetailApp\target\classes started by Libin in C:\Users\Libin\Documents\workspace-sts-3.8.1.RELEASE\MyRetailApp)
2016-10-03 01:35:29.864  INFO 7116 --- [main] com.retail.app.RetailApplication         : No active profile set, falling back to default profiles: default
2016-10-03 01:35:30.098  INFO 7116 --- [main] ationConfigEmbeddedWebApplicationContext : Refreshing org.springframework.boot.context.embedded.AnnotationConfigEmbeddedWebApplicationContext@38102d01: startup date [Mon Oct 03 01:35:30 EDT 2016]; root of context hierarchy
2016-10-03 01:35:33.366  INFO 7116 --- [main] f.a.AutowiredAnnotationBeanPostProcessor : JSR-330 'javax.inject.Inject' annotation found and supported for autowiring
2016-10-03 01:35:34.486  INFO 7116 --- [main] s.b.c.e.t.TomcatEmbeddedServletContainer : Tomcat initialized with port(s): 8082 (http)
2016-10-03 01:35:34.507  INFO 7116 --- [main] o.apache.catalina.core.StandardService   : Starting service Tomcat
2016-10-03 01:35:34.511  INFO 7116 --- [main] org.apache.catalina.core.StandardEngine  : Starting Servlet Engine: Apache Tomcat/8.5.5
2016-10-03 01:35:34.874  INFO 7116 --- [localhost-startStop-1] o.a.c.c.C.[Tomcat].[localhost].[/]       : Initializing Spring embedded WebApplicationContext
2016-10-03 01:35:34.875  INFO 7116 --- [localhost-startStop-1] o.s.web.context.ContextLoader            : Root WebApplicationContext: initialization completed in 4835 ms
2016-10-03 01:35:35.950  INFO 7116 --- [localhost-startStop-1] o.s.b.w.servlet.ServletRegistrationBean  : Mapping servlet: 'dispatcherServlet' to [/]
2016-10-03 01:35:35.959  INFO 7116 --- [localhost-startStop-1] o.s.b.w.servlet.FilterRegistrationBean   : Mapping filter: 'metricsFilter' to: [/*]
2016-10-03 01:35:35.959  INFO 7116 --- [localhost-startStop-1] o.s.b.w.servlet.FilterRegistrationBean   : Mapping filter: 'characterEncodingFilter' to: [/*]
2016-10-03 01:35:35.961  INFO 7116 --- [localhost-startStop-1] o.s.b.w.servlet.FilterRegistrationBean   : Mapping filter: 'hiddenHttpMethodFilter' to: [/*]
2016-10-03 01:35:35.961  INFO 7116 --- [localhost-startStop-1] o.s.b.w.servlet.FilterRegistrationBean   : Mapping filter: 'httpPutFormContentFilter' to: [/*]
2016-10-03 01:35:35.961  INFO 7116 --- [localhost-startStop-1] o.s.b.w.servlet.FilterRegistrationBean   : Mapping filter: 'requestContextFilter' to: [/*]
2016-10-03 01:35:35.962  INFO 7116 --- [localhost-startStop-1] o.s.b.w.servlet.FilterRegistrationBean   : Mapping filter: 'webRequestLoggingFilter' to: [/*]
2016-10-03 01:35:35.963  INFO 7116 --- [localhost-startStop-1] o.s.b.w.servlet.FilterRegistrationBean   : Mapping filter: 'applicationContextIdFilter' to: [/*]
2016-10-03 01:35:36.771  INFO 7116 --- [main] org.mongodb.driver.cluster               : Cluster created with settings {hosts=[localhost:27017], mode=MULTIPLE, requiredClusterType=UNKNOWN, serverSelectionTimeout='30000 ms', maxWaitQueueSize=500}
2016-10-03 01:35:36.772  INFO 7116 --- [main] org.mongodb.driver.cluster               : Adding discovered server localhost:27017 to client view of cluster
2016-10-03 01:35:36.878  INFO 7116 --- [cluster-ClusterId{value='57f1ee289bd1111bccfbb9f8', description='null'}-localhost:27017] org.mongodb.driver.connection            : Opened connection [connectionId{localValue:1, serverValue:214}] to localhost:27017
2016-10-03 01:35:36.881  INFO 7116 --- [cluster-ClusterId{value='57f1ee289bd1111bccfbb9f8', description='null'}-localhost:27017] org.mongodb.driver.cluster               : Monitor thread successfully connected to server with description ServerDescription{address=localhost:27017, type=STANDALONE, state=CONNECTED, ok=true, version=ServerVersion{versionList=[3, 2, 9]}, minWireVersion=0, maxWireVersion=4, maxDocumentSize=16777216, roundTripTimeNanos=944260}
2016-10-03 01:35:36.883  INFO 7116 --- [cluster-ClusterId{value='57f1ee289bd1111bccfbb9f8', description='null'}-localhost:27017] org.mongodb.driver.cluster               : Discovered cluster type of STANDALONE
2016-10-03 01:35:38.253  INFO 7116 --- [main] s.w.s.m.m.a.RequestMappingHandlerAdapter : Looking for @ControllerAdvice: org.springframework.boot.context.embedded.AnnotationConfigEmbeddedWebApplicationContext@38102d01: startup date [Mon Oct 03 01:35:30 EDT 2016]; root of context hierarchy
2016-10-03 01:35:38.444  INFO 7116 --- [main] s.w.s.m.m.a.RequestMappingHandlerMapping : Mapped "{[/products/{id}],methods=[GET]}" onto public org.springframework.http.ResponseEntity<?> com.retail.app.services.ProductsAPI.getProductAndPriceDetails(java.lang.Integer) throws java.lang.Exception
2016-10-03 01:35:38.452  INFO 7116 --- [main] s.w.s.m.m.a.RequestMappingHandlerMapping : Mapped "{[/products/price],methods=[POST]}" onto public java.util.Map<java.lang.String, java.lang.Object> com.retail.app.services.ProductsAPI.createProductPriceInfo(java.util.Map<java.lang.String, java.lang.Object>)
2016-10-03 01:35:38.453  INFO 7116 --- [main] s.w.s.m.m.a.RequestMappingHandlerMapping : Mapped "{[/products/{id}],methods=[PUT]}" onto public java.util.Map<java.lang.String, java.lang.Object> com.retail.app.services.ProductsAPI.updateProductPriceInfo(java.lang.Integer,com.retail.app.to.ProductResponseTO)
2016-10-03 01:35:38.458  INFO 7116 --- [main] s.w.s.m.m.a.RequestMappingHandlerMapping : Mapped "{[/error]}" onto public org.springframework.http.ResponseEntity<java.util.Map<java.lang.String, java.lang.Object>> org.springframework.boot.autoconfigure.web.BasicErrorController.error(javax.servlet.http.HttpServletRequest)
2016-10-03 01:35:38.459  INFO 7116 --- [main] s.w.s.m.m.a.RequestMappingHandlerMapping : Mapped "{[/error],produces=[text/html]}" onto public org.springframework.web.servlet.ModelAndView org.springframework.boot.autoconfigure.web.BasicErrorController.errorHtml(javax.servlet.http.HttpServletRequest,javax.servlet.http.HttpServletResponse)
2016-10-03 01:35:38.583  INFO 7116 --- [main] o.s.w.s.handler.SimpleUrlHandlerMapping  : Mapped URL path [/webjars/**] onto handler of type [class org.springframework.web.servlet.resource.ResourceHttpRequestHandler]
2016-10-03 01:35:38.584  INFO 7116 --- [main] o.s.w.s.handler.SimpleUrlHandlerMapping  : Mapped URL path [/**] onto handler of type [class org.springframework.web.servlet.resource.ResourceHttpRequestHandler]
2016-10-03 01:35:38.839  INFO 7116 --- [main] o.s.w.s.handler.SimpleUrlHandlerMapping  : Mapped URL path [/**/favicon.ico] onto handler of type [class org.springframework.web.servlet.resource.ResourceHttpRequestHandler]
2016-10-03 01:35:40.511  INFO 7116 --- [main] o.s.b.a.e.mvc.EndpointHandlerMapping     : Mapped "{[/configprops || /configprops.json],methods=[GET],produces=[application/json]}" onto public java.lang.Object org.springframework.boot.actuate.endpoint.mvc.EndpointMvcAdapter.invoke()
2016-10-03 01:35:40.514  INFO 7116 --- [main] o.s.b.a.e.mvc.EndpointHandlerMapping     : Mapped "{[/dump || /dump.json],methods=[GET],produces=[application/json]}" onto public java.lang.Object org.springframework.boot.actuate.endpoint.mvc.EndpointMvcAdapter.invoke()
2016-10-03 01:35:40.517  INFO 7116 --- [main] o.s.b.a.e.mvc.EndpointHandlerMapping     : Mapped "{[/env/{name:.*}],methods=[GET],produces=[application/json]}" onto public java.lang.Object org.springframework.boot.actuate.endpoint.mvc.EnvironmentMvcEndpoint.value(java.lang.String)
2016-10-03 01:35:40.517  INFO 7116 --- [main] o.s.b.a.e.mvc.EndpointHandlerMapping     : Mapped "{[/env || /env.json],methods=[GET],produces=[application/json]}" onto public java.lang.Object org.springframework.boot.actuate.endpoint.mvc.EndpointMvcAdapter.invoke()
2016-10-03 01:35:40.519  INFO 7116 --- [main] o.s.b.a.e.mvc.EndpointHandlerMapping     : Mapped "{[/info || /info.json],methods=[GET],produces=[application/json]}" onto public java.lang.Object org.springframework.boot.actuate.endpoint.mvc.EndpointMvcAdapter.invoke()
2016-10-03 01:35:40.520  INFO 7116 --- [main] o.s.b.a.e.mvc.EndpointHandlerMapping     : Mapped "{[/autoconfig || /autoconfig.json],methods=[GET],produces=[application/json]}" onto public java.lang.Object org.springframework.boot.actuate.endpoint.mvc.EndpointMvcAdapter.invoke()
2016-10-03 01:35:40.522  INFO 7116 --- [main] o.s.b.a.e.mvc.EndpointHandlerMapping     : Mapped "{[/beans || /beans.json],methods=[GET],produces=[application/json]}" onto public java.lang.Object org.springframework.boot.actuate.endpoint.mvc.EndpointMvcAdapter.invoke()
2016-10-03 01:35:40.532  INFO 7116 --- [main] o.s.b.a.e.mvc.EndpointHandlerMapping     : Mapped "{[/metrics/{name:.*}],methods=[GET],produces=[application/json]}" onto public java.lang.Object org.springframework.boot.actuate.endpoint.mvc.MetricsMvcEndpoint.value(java.lang.String)
2016-10-03 01:35:40.532  INFO 7116 --- [main] o.s.b.a.e.mvc.EndpointHandlerMapping     : Mapped "{[/metrics || /metrics.json],methods=[GET],produces=[application/json]}" onto public java.lang.Object org.springframework.boot.actuate.endpoint.mvc.EndpointMvcAdapter.invoke()
2016-10-03 01:35:40.534  INFO 7116 --- [main] o.s.b.a.e.mvc.EndpointHandlerMapping     : Mapped "{[/trace || /trace.json],methods=[GET],produces=[application/json]}" onto public java.lang.Object org.springframework.boot.actuate.endpoint.mvc.EndpointMvcAdapter.invoke()
2016-10-03 01:35:40.535  INFO 7116 --- [main] o.s.b.a.e.mvc.EndpointHandlerMapping     : Mapped "{[/logfile || /logfile.json],methods=[GET || HEAD]}" onto public void org.springframework.boot.actuate.endpoint.mvc.LogFileMvcEndpoint.invoke(javax.servlet.http.HttpServletRequest,javax.servlet.http.HttpServletResponse) throws javax.servlet.ServletException,java.io.IOException
2016-10-03 01:35:40.536  INFO 7116 --- [main] o.s.b.a.e.mvc.EndpointHandlerMapping     : Mapped "{[/health || /health.json],produces=[application/json]}" onto public java.lang.Object org.springframework.boot.actuate.endpoint.mvc.HealthMvcEndpoint.invoke(java.security.Principal)
2016-10-03 01:35:40.537  INFO 7116 --- [main] o.s.b.a.e.mvc.EndpointHandlerMapping     : Mapped "{[/heapdump || /heapdump.json],methods=[GET],produces=[application/octet-stream]}" onto public void org.springframework.boot.actuate.endpoint.mvc.HeapdumpMvcEndpoint.invoke(boolean,javax.servlet.http.HttpServletRequest,javax.servlet.http.HttpServletResponse) throws java.io.IOException,javax.servlet.ServletException
2016-10-03 01:35:40.538  INFO 7116 --- [main] o.s.b.a.e.mvc.EndpointHandlerMapping     : Mapped "{[/mappings || /mappings.json],methods=[GET],produces=[application/json]}" onto public java.lang.Object org.springframework.boot.actuate.endpoint.mvc.EndpointMvcAdapter.invoke()
2016-10-03 01:35:40.930  INFO 7116 --- [main] o.s.j.e.a.AnnotationMBeanExporter        : Registering beans for JMX exposure on startup
2016-10-03 01:35:40.948  INFO 7116 --- [main] o.s.c.support.DefaultLifecycleProcessor  : Starting beans in phase 0
2016-10-03 01:35:41.363  INFO 7116 --- [main] s.b.c.e.t.TomcatEmbeddedServletContainer : Tomcat started on port(s): 8082 (http)
2016-10-03 01:35:41.396  INFO 7116 --- [main] com.retail.app.RetailApplication         : Started RetailApplication in 12.309 seconds (JVM running for 13.887)
2016-10-03 01:35:41.396 ERROR 7116 --- [main] com.retail.app.RetailApplication         : Message logged at ERROR level
2016-10-03 01:35:41.396  WARN 7116 --- [main] com.retail.app.RetailApplication         : Message logged at WARN level
2016-10-03 01:35:41.397  INFO 7116 --- [main] com.retail.app.RetailApplication         : Message logged at INFO level
2016-10-03 01:35:41.398  INFO 7116 --- [main] com.retail.app.model.TestModel           : Log message at INFO level from TestModel constructor
2016-10-03 01:35:41.399  WARN 7116 --- [main] com.retail.app.service.TestService       : Message at WARN level from TestService.service()
